<?xml version="1.0" encoding="UTF-8"?>
<!-- Generated by org.testng.reporters.JUnitXMLReporter -->
<testsuite hostname="Abhi" ignored="0" name="Authenteak Smoke Testing" tests="2" failures="0" timestamp="2020-09-10T17:13:31 IST" time="44.433" errors="0">
  <testcase name="createAccount" time="13.746" classname="authenteakSmokeTest.CreateAccount"/>
  <testcase name="existingEmailAddressToCreateAccount" time="10.099" classname="authenteakSmokeTest.CreateAccount"/>
</testsuite> <!-- Authenteak Smoke Testing -->
