<?xml version="1.0" encoding="UTF-8"?>
<!-- Generated by org.testng.reporters.JUnitXMLReporter -->
<testsuite hostname="Abhi" ignored="0" name="Validating Gmail link and its sign in link" tests="2" failures="1" timestamp="2020-09-08T17:09:48 IST" time="10.11" errors="0">
  <testcase name="gmailLink" time="2.109" classname="Google.BaseFramework.GmailSignin"/>
  <testcase name="signinLink" time="0.018" classname="Google.BaseFramework.GmailSignin">
    <failure type="java.lang.AssertionError" message="expected [Gmail - Email from Google] but found [Gmail - Email from Googl]">
      <![CDATA[java.lang.AssertionError: expected [Gmail - Email from Google] but found [Gmail - Email from Googl]
at Google.BaseFramework.GmailSignin.signinLink(GmailSignin.java:43)
at java.util.ArrayList.forEach(ArrayList.java:1249)
at java.util.concurrent.FutureTask.run(FutureTask.java:266)
at java.util.concurrent.ThreadPoolExecutor.runWorker(ThreadPoolExecutor.java:1149)
at java.util.concurrent.ThreadPoolExecutor$Worker.run(ThreadPoolExecutor.java:624)
at java.lang.Thread.run(Thread.java:748)
... Removed 24 stack frames]]>
    </failure>
  </testcase> <!-- signinLink -->
</testsuite> <!-- Validating Gmail link and its sign in link -->
