<?xml version="1.0" encoding="UTF-8"?>
<testng-results skipped="0" failed="0" ignored="0" total="2" passed="2">
  <reporter-output>
  </reporter-output>
  <suite name="Suite" duration-ms="44433" started-at="2020-09-10T17:12:46 IST" finished-at="2020-09-10T17:13:31 IST">
    <groups>
    </groups>
    <test name="Authenteak Smoke Testing" duration-ms="44433" started-at="2020-09-10T17:12:46 IST" finished-at="2020-09-10T17:13:31 IST">
      <class name="authenteakSmokeTest.CreateAccount">
        <test-method status="PASS" signature="getLaunchURL()[pri:0, instance:authenteakSmokeTest.CreateAccount@47d90b9e]" name="getLaunchURL" is-config="true" duration-ms="19470" started-at="2020-09-10T17:12:46 IST" finished-at="2020-09-10T17:13:06 IST">
          <reporter-output>
          </reporter-output>
        </test-method> <!-- getLaunchURL -->
        <test-method status="PASS" signature="createAccount()[pri:0, instance:authenteakSmokeTest.CreateAccount@47d90b9e]" name="createAccount" duration-ms="13746" started-at="2020-09-10T17:13:06 IST" finished-at="2020-09-10T17:13:20 IST">
          <reporter-output>
          </reporter-output>
        </test-method> <!-- createAccount -->
        <test-method status="PASS" signature="existingEmailAddressToCreateAccount()[pri:0, instance:authenteakSmokeTest.CreateAccount@47d90b9e]" name="existingEmailAddressToCreateAccount" duration-ms="10099" started-at="2020-09-10T17:13:20 IST" finished-at="2020-09-10T17:13:30 IST">
          <reporter-output>
          </reporter-output>
        </test-method> <!-- existingEmailAddressToCreateAccount -->
        <test-method status="PASS" signature="closeBrowser()[pri:0, instance:authenteakSmokeTest.CreateAccount@47d90b9e]" name="closeBrowser" is-config="true" duration-ms="1038" started-at="2020-09-10T17:13:30 IST" finished-at="2020-09-10T17:13:31 IST">
          <reporter-output>
          </reporter-output>
        </test-method> <!-- closeBrowser -->
      </class> <!-- authenteakSmokeTest.CreateAccount -->
    </test> <!-- Authenteak Smoke Testing -->
  </suite> <!-- Suite -->
</testng-results>
